<?xml version="1.0" encoding="UTF-8"?>
<testng-results ignored="0" total="2" passed="2" failed="0" skipped="0">
  <reporter-output>
  </reporter-output>
  <suite started-at="2023-11-01T11:59:05 IST" name="Default suite" finished-at="2023-11-01T11:59:19 IST" duration-ms="13677">
    <groups>
    </groups>
    <test started-at="2023-11-01T11:59:05 IST" name="Default test" finished-at="2023-11-01T11:59:19 IST" duration-ms="13677">
      <class name="BasicOfTestNG.lgout">
        <test-method signature="lgindemobook()[pri:0, instance:BasicOfTestNG.lgout@55182842]" started-at="2023-11-01T11:59:05 IST" name="lgindemobook" finished-at="2023-11-01T11:59:16 IST" duration-ms="11370" status="PASS">
          <reporter-output>
          </reporter-output>
        </test-method> <!-- lgindemobook -->
        <test-method signature="logo()[pri:0, instance:BasicOfTestNG.lgout@55182842]" started-at="2023-11-01T11:59:16 IST" name="logo" finished-at="2023-11-01T11:59:19 IST" duration-ms="2245" status="PASS">
          <reporter-output>
          </reporter-output>
        </test-method> <!-- logo -->
      </class> <!-- BasicOfTestNG.lgout -->
    </test> <!-- Default test -->
  </suite> <!-- Default suite -->
</testng-results>
